<?xml version="1.0" encoding="UTF-8"?>
<!-- Generated by org.testng.reporters.JUnitXMLReporter -->
<testsuite ignored="6" hostname="DESKTOP-SK31KA4" failures="0" tests="8" name="TestRunner-1" time="132.311" errors="0" timestamp="2023-08-08T10:15:18 IST">
  <testcase classname="com.ofos.GenericUtility.Baseclass" name="@BeforeClass config_browser_BC" time="31.877">
    <failure type="org.openqa.selenium.SessionNotCreatedException" message="session not created
from no such execution context: uniqueContextId not found
  (Session info: MicrosoftEdge=115.0.1901.188)
Build info: version: &amp;apos;3.141.59&amp;apos;, revision: &amp;apos;e82be7d358&amp;apos;, time: &amp;apos;2018-11-14T08:17:03&amp;apos;
System info: host: &amp;apos;DESKTOP-SK31KA4&amp;apos;, ip: &amp;apos;192.168.180.77&amp;apos;, os.name: &amp;apos;Windows 10&amp;apos;, os.arch: &amp;apos;amd64&amp;apos;, os.version: &amp;apos;10.0&amp;apos;, java.version: &amp;apos;17.0.5&amp;apos;
Driver info: driver.version: EdgeDriver
remote stacktrace: Backtrace:
	GetHandleVerifier [0x00007FF74FFA5432+69586]
	Microsoft::Applications::Events::EventProperty::~EventProperty [0x00007FF74FF35672+760242]
	(No symbol) [0x00007FF74FCEB8CC]
	(No symbol) [0x00007FF74FCD4912]
	(No symbol) [0x00007FF74FCD251F]
	(No symbol) [0x00007FF74FCD339E]
	(No symbol) [0x00007FF74FCEFFA9]
	(No symbol) [0x00007FF74FCF282D]
	(No symbol) [0x00007FF74FCF2920]
	(No symbol) [0x00007FF74FD5C71F]
	(No symbol) [0x00007FF74FD52B83]
	(No symbol) [0x00007FF74FD2589E]
	(No symbol) [0x00007FF74FD24B6B]
	(No symbol) [0x00007FF74FD26024]
	Microsoft::Applications::Events::ILogManager::DispatchEventBroadcast [0x00007FF75017D239+1294553]
	(No symbol) [0x00007FF74FDA49F4]
	Microsoft::Applications::Events::EventProperty::~EventProperty [0x00007FF74FE83DF1+33073]
	Microsoft::Applications::Events::EventProperty::~EventProperty [0x00007FF74FE7C409+1865]
	Microsoft::Applications::Events::ILogManager::DispatchEventBroadcast [0x00007FF75017BE11+1289393]
	Microsoft::Applications::Events::ILogConfiguration::operator* [0x00007FF74FF3DC78+20184]
	Microsoft::Applications::Events::ILogConfiguration::operator* [0x00007FF74FF3A304+5476]
	Microsoft::Applications::Events::ILogConfiguration::operator* [0x00007FF74FF3A3FC+5724]
	Microsoft::Applications::Events::EventProperty::~EventProperty [0x00007FF74FF2ECB1+733169]
	BaseThreadInitThunk [0x00007FFE3A757614+20]
	RtlUserThreadStart [0x00007FFE3B0826B1+33]
">
      <![CDATA[org.openqa.selenium.SessionNotCreatedException: session not created
from no such execution context: uniqueContextId not found
  (Session info: MicrosoftEdge=115.0.1901.188)
Build info: version: '3.141.59', revision: 'e82be7d358', time: '2018-11-14T08:17:03'
System info: host: 'DESKTOP-SK31KA4', ip: '192.168.180.77', os.name: 'Windows 10', os.arch: 'amd64', os.version: '10.0', java.version: '17.0.5'
Driver info: driver.version: EdgeDriver
remote stacktrace: Backtrace:
GetHandleVerifier [0x00007FF74FFA5432+69586]
Microsoft::Applications::Events::EventProperty::~EventProperty [0x00007FF74FF35672+760242]
(No symbol) [0x00007FF74FCEB8CC]
(No symbol) [0x00007FF74FCD4912]
(No symbol) [0x00007FF74FCD251F]
(No symbol) [0x00007FF74FCD339E]
(No symbol) [0x00007FF74FCEFFA9]
(No symbol) [0x00007FF74FCF282D]
(No symbol) [0x00007FF74FCF2920]
(No symbol) [0x00007FF74FD5C71F]
(No symbol) [0x00007FF74FD52B83]
(No symbol) [0x00007FF74FD2589E]
(No symbol) [0x00007FF74FD24B6B]
(No symbol) [0x00007FF74FD26024]
Microsoft::Applications::Events::ILogManager::DispatchEventBroadcast [0x00007FF75017D239+1294553]
(No symbol) [0x00007FF74FDA49F4]
Microsoft::Applications::Events::EventProperty::~EventProperty [0x00007FF74FE83DF1+33073]
Microsoft::Applications::Events::EventProperty::~EventProperty [0x00007FF74FE7C409+1865]
Microsoft::Applications::Events::ILogManager::DispatchEventBroadcast [0x00007FF75017BE11+1289393]
Microsoft::Applications::Events::ILogConfiguration::operator* [0x00007FF74FF3DC78+20184]
Microsoft::Applications::Events::ILogConfiguration::operator* [0x00007FF74FF3A304+5476]
Microsoft::Applications::Events::ILogConfiguration::operator* [0x00007FF74FF3A3FC+5724]
Microsoft::Applications::Events::EventProperty::~EventProperty [0x00007FF74FF2ECB1+733169]
BaseThreadInitThunk [0x00007FFE3A757614+20]
RtlUserThreadStart [0x00007FFE3B0826B1+33]

at org.openqa.selenium.remote.W3CHandshakeResponse.lambda$errorHandler$0(W3CHandshakeResponse.java:62)
at org.openqa.selenium.remote.HandshakeResponse.lambda$getResponseFunction$0(HandshakeResponse.java:30)
at org.openqa.selenium.remote.ProtocolHandshake.lambda$createSession$0(ProtocolHandshake.java:126)
at java.base/java.util.stream.ReferencePipeline$3$1.accept(ReferencePipeline.java:197)
at java.base/java.util.Spliterators$ArraySpliterator.tryAdvance(Spliterators.java:1002)
at java.base/java.util.stream.ReferencePipeline.forEachWithCancel(ReferencePipeline.java:129)
at java.base/java.util.stream.AbstractPipeline.copyIntoWithCancel(AbstractPipeline.java:527)
at java.base/java.util.stream.AbstractPipeline.copyInto(AbstractPipeline.java:513)
at java.base/java.util.stream.AbstractPipeline.wrapAndCopyInto(AbstractPipeline.java:499)
at java.base/java.util.stream.FindOps$FindOp.evaluateSequential(FindOps.java:150)
at java.base/java.util.stream.AbstractPipeline.evaluate(AbstractPipeline.java:234)
at java.base/java.util.stream.ReferencePipeline.findFirst(ReferencePipeline.java:647)
at org.openqa.selenium.remote.ProtocolHandshake.createSession(ProtocolHandshake.java:128)
at org.openqa.selenium.remote.ProtocolHandshake.createSession(ProtocolHandshake.java:74)
at org.openqa.selenium.remote.HttpCommandExecutor.execute(HttpCommandExecutor.java:136)
at org.openqa.selenium.remote.service.DriverCommandExecutor.execute(DriverCommandExecutor.java:83)
at org.openqa.selenium.remote.RemoteWebDriver.execute(RemoteWebDriver.java:552)
at org.openqa.selenium.remote.RemoteWebDriver.startSession(RemoteWebDriver.java:213)
at org.openqa.selenium.remote.RemoteWebDriver.<init>(RemoteWebDriver.java:131)
at org.openqa.selenium.edge.EdgeDriver.<init>(EdgeDriver.java:141)
at org.openqa.selenium.edge.EdgeDriver.<init>(EdgeDriver.java:96)
at com.ofos.GenericUtility.Baseclass.config_browser_BC(Baseclass.java:51)
at java.base/java.util.ArrayList.forEach(ArrayList.java:1511)
at java.base/java.util.concurrent.FutureTask.run(FutureTask.java:264)
at java.base/java.util.concurrent.ThreadPoolExecutor.runWorker(ThreadPoolExecutor.java:1136)
at java.base/java.util.concurrent.ThreadPoolExecutor$Worker.run(ThreadPoolExecutor.java:635)
at java.base/java.lang.Thread.run(Thread.java:833)
... Removed 21 stack frames]]>
    </failure>
  </testcase> <!-- @BeforeClass config_browser_BC -->
  <testcase classname="com.ofos.GenericUtility.Baseclass" name="@BeforeMethod config_login_BM" time="-1.691469817209E9">
    <skipped/>
  </testcase> <!-- @BeforeMethod config_login_BM -->
  <testcase classname="com.ofos.GenericUtility.Baseclass" name="@AfterMethod config_logout_AM" time="-1.691469817232E9">
    <skipped/>
  </testcase> <!-- @AfterMethod config_logout_AM -->
  <testcase classname="com.ofos.GenericUtility.Baseclass" name="@BeforeMethod config_login_BM" time="-1.691469817263E9">
    <skipped/>
  </testcase> <!-- @BeforeMethod config_login_BM -->
  <testcase classname="com.ofos.GenericUtility.Baseclass" name="@AfterMethod config_logout_AM" time="-1.69146981729E9">
    <skipped/>
  </testcase> <!-- @AfterMethod config_logout_AM -->
  <testcase classname="com.ofos.GenericUtility.Baseclass" name="@AfterClass config_AC" time="-1.691469817299E9">
    <skipped/>
  </testcase> <!-- @AfterClass config_AC -->
  <testcase classname="com.ofos.GenericUtility.Baseclass" name="@BeforeClass config_browser_BC" time="32.837">
    <failure type="org.openqa.selenium.WebDriverException" message="unknown error: net::ERR_NAME_NOT_RESOLVED
  (Session info: chrome=115.0.5790.170)
Build info: version: &amp;apos;3.141.59&amp;apos;, revision: &amp;apos;e82be7d358&amp;apos;, time: &amp;apos;2018-11-14T08:17:03&amp;apos;
System info: host: &amp;apos;DESKTOP-SK31KA4&amp;apos;, ip: &amp;apos;192.168.180.77&amp;apos;, os.name: &amp;apos;Windows 10&amp;apos;, os.arch: &amp;apos;amd64&amp;apos;, os.version: &amp;apos;10.0&amp;apos;, java.version: &amp;apos;17.0.5&amp;apos;
Driver info: org.openqa.selenium.chrome.ChromeDriver
Capabilities {acceptInsecureCerts: false, browserName: chrome, browserVersion: 115.0.5790.170, chrome: {chromedriverVersion: 114.0.5735.90 (386bc09e8f4f..., userDataDir: C:\Users\91810\AppData\Loca...}, goog:chromeOptions: {debuggerAddress: localhost:56861}, javascriptEnabled: true, networkConnectionEnabled: false, pageLoadStrategy: normal, platform: WINDOWS, platformName: WINDOWS, proxy: Proxy(), setWindowRect: true, strictFileInteractability: false, timeouts: {implicit: 0, pageLoad: 300000, script: 30000}, unhandledPromptBehavior: dismiss and notify, webauthn:extension:credBlob: true, webauthn:extension:largeBlob: true, webauthn:extension:minPinLength: true, webauthn:extension:prf: true, webauthn:virtualAuthenticators: true}
Session ID: edbd95a94e8d3fa36de97073965a1879">
      <![CDATA[org.openqa.selenium.WebDriverException: unknown error: net::ERR_NAME_NOT_RESOLVED
  (Session info: chrome=115.0.5790.170)
Build info: version: '3.141.59', revision: 'e82be7d358', time: '2018-11-14T08:17:03'
System info: host: 'DESKTOP-SK31KA4', ip: '192.168.180.77', os.name: 'Windows 10', os.arch: 'amd64', os.version: '10.0', java.version: '17.0.5'
Driver info: org.openqa.selenium.chrome.ChromeDriver
Capabilities {acceptInsecureCerts: false, browserName: chrome, browserVersion: 115.0.5790.170, chrome: {chromedriverVersion: 114.0.5735.90 (386bc09e8f4f..., userDataDir: C:\Users\91810\AppData\Loca...}, goog:chromeOptions: {debuggerAddress: localhost:56861}, javascriptEnabled: true, networkConnectionEnabled: false, pageLoadStrategy: normal, platform: WINDOWS, platformName: WINDOWS, proxy: Proxy(), setWindowRect: true, strictFileInteractability: false, timeouts: {implicit: 0, pageLoad: 300000, script: 30000}, unhandledPromptBehavior: dismiss and notify, webauthn:extension:credBlob: true, webauthn:extension:largeBlob: true, webauthn:extension:minPinLength: true, webauthn:extension:prf: true, webauthn:virtualAuthenticators: true}
Session ID: edbd95a94e8d3fa36de97073965a1879
at org.openqa.selenium.remote.http.W3CHttpResponseCodec.createException(W3CHttpResponseCodec.java:187)
at org.openqa.selenium.remote.http.W3CHttpResponseCodec.decode(W3CHttpResponseCodec.java:122)
at org.openqa.selenium.remote.http.W3CHttpResponseCodec.decode(W3CHttpResponseCodec.java:49)
at org.openqa.selenium.remote.HttpCommandExecutor.execute(HttpCommandExecutor.java:158)
at org.openqa.selenium.remote.service.DriverCommandExecutor.execute(DriverCommandExecutor.java:83)
at org.openqa.selenium.remote.RemoteWebDriver.execute(RemoteWebDriver.java:552)
at org.openqa.selenium.remote.RemoteWebDriver.get(RemoteWebDriver.java:277)
at com.ofos.GenericUtility.Baseclass.config_browser_BC(Baseclass.java:56)
at java.base/java.util.ArrayList.forEach(ArrayList.java:1511)
at java.base/java.util.concurrent.FutureTask.run(FutureTask.java:264)
at java.base/java.util.concurrent.ThreadPoolExecutor.runWorker(ThreadPoolExecutor.java:1136)
at java.base/java.util.concurrent.ThreadPoolExecutor$Worker.run(ThreadPoolExecutor.java:635)
at java.base/java.lang.Thread.run(Thread.java:833)
... Removed 21 stack frames]]>
    </failure>
  </testcase> <!-- @BeforeClass config_browser_BC -->
  <testcase classname="com.ofos.GenericUtility.Baseclass" name="@BeforeMethod config_login_BM" time="-1.691469818132E9">
    <skipped/>
  </testcase> <!-- @BeforeMethod config_login_BM -->
  <testcase classname="com.ofos.GenericUtility.Baseclass" name="@AfterMethod config_logout_AM" time="-1.691469818139E9">
    <skipped/>
  </testcase> <!-- @AfterMethod config_logout_AM -->
  <testcase classname="com.ofos.GenericUtility.Baseclass" name="@BeforeMethod config_login_BM" time="-1.691469818141E9">
    <skipped/>
  </testcase> <!-- @BeforeMethod config_login_BM -->
  <testcase classname="com.ofos.GenericUtility.Baseclass" name="@AfterMethod config_logout_AM" time="-1.69146981815E9">
    <skipped/>
  </testcase> <!-- @AfterMethod config_logout_AM -->
  <testcase classname="com.ofos.GenericUtility.Baseclass" name="@AfterClass config_AC" time="-1.691469818152E9">
    <skipped/>
  </testcase> <!-- @AfterClass config_AC -->
  <testcase classname="com.ofos.GenericUtility.Baseclass" name="@BeforeClass config_browser_BC" time="28.258">
    <failure type="org.openqa.selenium.WebDriverException" message="unknown error: net::ERR_NAME_NOT_RESOLVED
  (Session info: chrome=115.0.5790.170)
Build info: version: &amp;apos;3.141.59&amp;apos;, revision: &amp;apos;e82be7d358&amp;apos;, time: &amp;apos;2018-11-14T08:17:03&amp;apos;
System info: host: &amp;apos;DESKTOP-SK31KA4&amp;apos;, ip: &amp;apos;192.168.180.77&amp;apos;, os.name: &amp;apos;Windows 10&amp;apos;, os.arch: &amp;apos;amd64&amp;apos;, os.version: &amp;apos;10.0&amp;apos;, java.version: &amp;apos;17.0.5&amp;apos;
Driver info: org.openqa.selenium.chrome.ChromeDriver
Capabilities {acceptInsecureCerts: false, browserName: chrome, browserVersion: 115.0.5790.170, chrome: {chromedriverVersion: 114.0.5735.90 (386bc09e8f4f..., userDataDir: C:\Users\91810\AppData\Loca...}, goog:chromeOptions: {debuggerAddress: localhost:56907}, javascriptEnabled: true, networkConnectionEnabled: false, pageLoadStrategy: normal, platform: WINDOWS, platformName: WINDOWS, proxy: Proxy(), setWindowRect: true, strictFileInteractability: false, timeouts: {implicit: 0, pageLoad: 300000, script: 30000}, unhandledPromptBehavior: dismiss and notify, webauthn:extension:credBlob: true, webauthn:extension:largeBlob: true, webauthn:extension:minPinLength: true, webauthn:extension:prf: true, webauthn:virtualAuthenticators: true}
Session ID: 6e839112509f4002b96ecba2dac914eb">
      <![CDATA[org.openqa.selenium.WebDriverException: unknown error: net::ERR_NAME_NOT_RESOLVED
  (Session info: chrome=115.0.5790.170)
Build info: version: '3.141.59', revision: 'e82be7d358', time: '2018-11-14T08:17:03'
System info: host: 'DESKTOP-SK31KA4', ip: '192.168.180.77', os.name: 'Windows 10', os.arch: 'amd64', os.version: '10.0', java.version: '17.0.5'
Driver info: org.openqa.selenium.chrome.ChromeDriver
Capabilities {acceptInsecureCerts: false, browserName: chrome, browserVersion: 115.0.5790.170, chrome: {chromedriverVersion: 114.0.5735.90 (386bc09e8f4f..., userDataDir: C:\Users\91810\AppData\Loca...}, goog:chromeOptions: {debuggerAddress: localhost:56907}, javascriptEnabled: true, networkConnectionEnabled: false, pageLoadStrategy: normal, platform: WINDOWS, platformName: WINDOWS, proxy: Proxy(), setWindowRect: true, strictFileInteractability: false, timeouts: {implicit: 0, pageLoad: 300000, script: 30000}, unhandledPromptBehavior: dismiss and notify, webauthn:extension:credBlob: true, webauthn:extension:largeBlob: true, webauthn:extension:minPinLength: true, webauthn:extension:prf: true, webauthn:virtualAuthenticators: true}
Session ID: 6e839112509f4002b96ecba2dac914eb
at org.openqa.selenium.remote.http.W3CHttpResponseCodec.createException(W3CHttpResponseCodec.java:187)
at org.openqa.selenium.remote.http.W3CHttpResponseCodec.decode(W3CHttpResponseCodec.java:122)
at org.openqa.selenium.remote.http.W3CHttpResponseCodec.decode(W3CHttpResponseCodec.java:49)
at org.openqa.selenium.remote.HttpCommandExecutor.execute(HttpCommandExecutor.java:158)
at org.openqa.selenium.remote.service.DriverCommandExecutor.execute(DriverCommandExecutor.java:83)
at org.openqa.selenium.remote.RemoteWebDriver.execute(RemoteWebDriver.java:552)
at org.openqa.selenium.remote.RemoteWebDriver.get(RemoteWebDriver.java:277)
at com.ofos.GenericUtility.Baseclass.config_browser_BC(Baseclass.java:56)
at java.base/java.util.ArrayList.forEach(ArrayList.java:1511)
at java.base/java.util.concurrent.FutureTask.run(FutureTask.java:264)
at java.base/java.util.concurrent.ThreadPoolExecutor.runWorker(ThreadPoolExecutor.java:1136)
at java.base/java.util.concurrent.ThreadPoolExecutor$Worker.run(ThreadPoolExecutor.java:635)
at java.base/java.lang.Thread.run(Thread.java:833)
... Removed 21 stack frames]]>
    </failure>
  </testcase> <!-- @BeforeClass config_browser_BC -->
  <testcase classname="com.ofos.GenericUtility.Baseclass" name="@BeforeMethod config_login_BM" time="-1.691469846419E9">
    <skipped/>
  </testcase> <!-- @BeforeMethod config_login_BM -->
  <testcase classname="com.ofos.GenericUtility.Baseclass" name="@AfterMethod config_logout_AM" time="-1.691469846433E9">
    <skipped/>
  </testcase> <!-- @AfterMethod config_logout_AM -->
  <testcase classname="com.ofos.GenericUtility.Baseclass" name="@BeforeMethod config_login_BM" time="-1.691469846436E9">
    <skipped/>
  </testcase> <!-- @BeforeMethod config_login_BM -->
  <testcase classname="com.ofos.GenericUtility.Baseclass" name="@AfterMethod config_logout_AM" time="-1.691469846447E9">
    <skipped/>
  </testcase> <!-- @AfterMethod config_logout_AM -->
  <testcase classname="com.ofos.GenericUtility.Baseclass" name="@AfterClass config_AC" time="-1.691469846449E9">
    <skipped/>
  </testcase> <!-- @AfterClass config_AC -->
  <testcase classname="com.ofos.GenericUtility.Baseclass" name="@BeforeClass config_browser_BC" time="52.294">
    <failure type="org.openqa.selenium.WebDriverException" message="unknown error: net::ERR_NAME_NOT_RESOLVED
  (Session info: MicrosoftEdge=115.0.1901.188)
Build info: version: &amp;apos;3.141.59&amp;apos;, revision: &amp;apos;e82be7d358&amp;apos;, time: &amp;apos;2018-11-14T08:17:03&amp;apos;
System info: host: &amp;apos;DESKTOP-SK31KA4&amp;apos;, ip: &amp;apos;192.168.180.77&amp;apos;, os.name: &amp;apos;Windows 10&amp;apos;, os.arch: &amp;apos;amd64&amp;apos;, os.version: &amp;apos;10.0&amp;apos;, java.version: &amp;apos;17.0.5&amp;apos;
Driver info: org.openqa.selenium.edge.EdgeDriver
Capabilities {acceptInsecureCerts: false, browserName: msedge, browserVersion: 115.0.1901.188, javascriptEnabled: true, ms:edgeOptions: {debuggerAddress: localhost:56902}, msedge: {msedgedriverVersion: 115.0.1901.188 (b51b39339c4..., userDataDir: C:\Users\91810\AppData\Loca...}, networkConnectionEnabled: false, pageLoadStrategy: normal, platform: WINDOWS, platformName: WINDOWS, proxy: Proxy(), setWindowRect: true, strictFileInteractability: false, timeouts: {implicit: 0, pageLoad: 300000, script: 30000}, unhandledPromptBehavior: dismiss and notify, webauthn:extension:credBlob: true, webauthn:extension:largeBlob: true, webauthn:extension:minPinLength: true, webauthn:extension:prf: true, webauthn:virtualAuthenticators: true}
Session ID: c1fdaceb17e1934907bd69d0569b4428">
      <![CDATA[org.openqa.selenium.WebDriverException: unknown error: net::ERR_NAME_NOT_RESOLVED
  (Session info: MicrosoftEdge=115.0.1901.188)
Build info: version: '3.141.59', revision: 'e82be7d358', time: '2018-11-14T08:17:03'
System info: host: 'DESKTOP-SK31KA4', ip: '192.168.180.77', os.name: 'Windows 10', os.arch: 'amd64', os.version: '10.0', java.version: '17.0.5'
Driver info: org.openqa.selenium.edge.EdgeDriver
Capabilities {acceptInsecureCerts: false, browserName: msedge, browserVersion: 115.0.1901.188, javascriptEnabled: true, ms:edgeOptions: {debuggerAddress: localhost:56902}, msedge: {msedgedriverVersion: 115.0.1901.188 (b51b39339c4..., userDataDir: C:\Users\91810\AppData\Loca...}, networkConnectionEnabled: false, pageLoadStrategy: normal, platform: WINDOWS, platformName: WINDOWS, proxy: Proxy(), setWindowRect: true, strictFileInteractability: false, timeouts: {implicit: 0, pageLoad: 300000, script: 30000}, unhandledPromptBehavior: dismiss and notify, webauthn:extension:credBlob: true, webauthn:extension:largeBlob: true, webauthn:extension:minPinLength: true, webauthn:extension:prf: true, webauthn:virtualAuthenticators: true}
Session ID: c1fdaceb17e1934907bd69d0569b4428
at org.openqa.selenium.remote.http.W3CHttpResponseCodec.createException(W3CHttpResponseCodec.java:187)
at org.openqa.selenium.remote.http.W3CHttpResponseCodec.decode(W3CHttpResponseCodec.java:122)
at org.openqa.selenium.remote.http.W3CHttpResponseCodec.decode(W3CHttpResponseCodec.java:49)
at org.openqa.selenium.remote.HttpCommandExecutor.execute(HttpCommandExecutor.java:158)
at org.openqa.selenium.remote.service.DriverCommandExecutor.execute(DriverCommandExecutor.java:83)
at org.openqa.selenium.remote.RemoteWebDriver.execute(RemoteWebDriver.java:552)
at org.openqa.selenium.remote.RemoteWebDriver.get(RemoteWebDriver.java:277)
at com.ofos.GenericUtility.Baseclass.config_browser_BC(Baseclass.java:56)
at java.base/java.util.ArrayList.forEach(ArrayList.java:1511)
at java.base/java.util.concurrent.FutureTask.run(FutureTask.java:264)
at java.base/java.util.concurrent.ThreadPoolExecutor.runWorker(ThreadPoolExecutor.java:1136)
at java.base/java.util.concurrent.ThreadPoolExecutor$Worker.run(ThreadPoolExecutor.java:635)
at java.base/java.lang.Thread.run(Thread.java:833)
... Removed 21 stack frames]]>
    </failure>
  </testcase> <!-- @BeforeClass config_browser_BC -->
  <testcase classname="com.ofos.GenericUtility.Baseclass" name="@BeforeMethod config_login_BM" time="-1.691469869608E9">
    <skipped/>
  </testcase> <!-- @BeforeMethod config_login_BM -->
  <testcase classname="com.ofos.GenericUtility.Baseclass" name="@AfterMethod config_logout_AM" time="-1.691469869614E9">
    <skipped/>
  </testcase> <!-- @AfterMethod config_logout_AM -->
  <testcase classname="com.ofos.GenericUtility.Baseclass" name="@BeforeMethod config_login_BM" time="-1.691469869617E9">
    <skipped/>
  </testcase> <!-- @BeforeMethod config_login_BM -->
  <testcase classname="com.ofos.GenericUtility.Baseclass" name="@AfterMethod config_logout_AM" time="-1.691469869627E9">
    <skipped/>
  </testcase> <!-- @AfterMethod config_logout_AM -->
  <testcase classname="com.ofos.GenericUtility.Baseclass" name="@AfterClass config_AC" time="-1.691469869629E9">
    <skipped/>
  </testcase> <!-- @AfterClass config_AC -->
  <testcase classname="com.ofos.GenericUtility.Baseclass" name="@BeforeClass config_browser_BC" time="36.02">
    <failure type="org.openqa.selenium.WebDriverException" message="unknown error: net::ERR_NAME_NOT_RESOLVED
  (Session info: chrome=115.0.5790.170)
Build info: version: &amp;apos;3.141.59&amp;apos;, revision: &amp;apos;e82be7d358&amp;apos;, time: &amp;apos;2018-11-14T08:17:03&amp;apos;
System info: host: &amp;apos;DESKTOP-SK31KA4&amp;apos;, ip: &amp;apos;192.168.180.77&amp;apos;, os.name: &amp;apos;Windows 10&amp;apos;, os.arch: &amp;apos;amd64&amp;apos;, os.version: &amp;apos;10.0&amp;apos;, java.version: &amp;apos;17.0.5&amp;apos;
Driver info: org.openqa.selenium.chrome.ChromeDriver
Capabilities {acceptInsecureCerts: false, browserName: chrome, browserVersion: 115.0.5790.170, chrome: {chromedriverVersion: 114.0.5735.90 (386bc09e8f4f..., userDataDir: C:\Users\91810\AppData\Loca...}, goog:chromeOptions: {debuggerAddress: localhost:56954}, javascriptEnabled: true, networkConnectionEnabled: false, pageLoadStrategy: normal, platform: WINDOWS, platformName: WINDOWS, proxy: Proxy(), setWindowRect: true, strictFileInteractability: false, timeouts: {implicit: 0, pageLoad: 300000, script: 30000}, unhandledPromptBehavior: dismiss and notify, webauthn:extension:credBlob: true, webauthn:extension:largeBlob: true, webauthn:extension:minPinLength: true, webauthn:extension:prf: true, webauthn:virtualAuthenticators: true}
Session ID: f0e4957c05917fe0f764edeb1bd405ac">
      <![CDATA[org.openqa.selenium.WebDriverException: unknown error: net::ERR_NAME_NOT_RESOLVED
  (Session info: chrome=115.0.5790.170)
Build info: version: '3.141.59', revision: 'e82be7d358', time: '2018-11-14T08:17:03'
System info: host: 'DESKTOP-SK31KA4', ip: '192.168.180.77', os.name: 'Windows 10', os.arch: 'amd64', os.version: '10.0', java.version: '17.0.5'
Driver info: org.openqa.selenium.chrome.ChromeDriver
Capabilities {acceptInsecureCerts: false, browserName: chrome, browserVersion: 115.0.5790.170, chrome: {chromedriverVersion: 114.0.5735.90 (386bc09e8f4f..., userDataDir: C:\Users\91810\AppData\Loca...}, goog:chromeOptions: {debuggerAddress: localhost:56954}, javascriptEnabled: true, networkConnectionEnabled: false, pageLoadStrategy: normal, platform: WINDOWS, platformName: WINDOWS, proxy: Proxy(), setWindowRect: true, strictFileInteractability: false, timeouts: {implicit: 0, pageLoad: 300000, script: 30000}, unhandledPromptBehavior: dismiss and notify, webauthn:extension:credBlob: true, webauthn:extension:largeBlob: true, webauthn:extension:minPinLength: true, webauthn:extension:prf: true, webauthn:virtualAuthenticators: true}
Session ID: f0e4957c05917fe0f764edeb1bd405ac
at org.openqa.selenium.remote.http.W3CHttpResponseCodec.createException(W3CHttpResponseCodec.java:187)
at org.openqa.selenium.remote.http.W3CHttpResponseCodec.decode(W3CHttpResponseCodec.java:122)
at org.openqa.selenium.remote.http.W3CHttpResponseCodec.decode(W3CHttpResponseCodec.java:49)
at org.openqa.selenium.remote.HttpCommandExecutor.execute(HttpCommandExecutor.java:158)
at org.openqa.selenium.remote.service.DriverCommandExecutor.execute(DriverCommandExecutor.java:83)
at org.openqa.selenium.remote.RemoteWebDriver.execute(RemoteWebDriver.java:552)
at org.openqa.selenium.remote.RemoteWebDriver.get(RemoteWebDriver.java:277)
at com.ofos.GenericUtility.Baseclass.config_browser_BC(Baseclass.java:56)
at java.base/java.util.ArrayList.forEach(ArrayList.java:1511)
at java.base/java.util.concurrent.FutureTask.run(FutureTask.java:264)
at java.base/java.util.concurrent.ThreadPoolExecutor.runWorker(ThreadPoolExecutor.java:1136)
at java.base/java.util.concurrent.ThreadPoolExecutor$Worker.run(ThreadPoolExecutor.java:635)
at java.base/java.lang.Thread.run(Thread.java:833)
... Removed 21 stack frames]]>
    </failure>
  </testcase> <!-- @BeforeClass config_browser_BC -->
  <testcase classname="com.ofos.GenericUtility.Baseclass" name="@BeforeMethod config_login_BM" time="-1.691469882478E9">
    <skipped/>
  </testcase> <!-- @BeforeMethod config_login_BM -->
  <testcase classname="com.ofos.GenericUtility.Baseclass" name="@AfterMethod config_logout_AM" time="-1.691469882483E9">
    <skipped/>
  </testcase> <!-- @AfterMethod config_logout_AM -->
  <testcase classname="com.ofos.GenericUtility.Baseclass" name="@BeforeMethod config_login_BM" time="-1.691469882485E9">
    <skipped/>
  </testcase> <!-- @BeforeMethod config_login_BM -->
  <testcase classname="com.ofos.GenericUtility.Baseclass" name="@AfterMethod config_logout_AM" time="-1.691469882494E9">
    <skipped/>
  </testcase> <!-- @AfterMethod config_logout_AM -->
  <testcase classname="com.ofos.GenericUtility.Baseclass" name="@AfterClass config_AC" time="-1.691469882496E9">
    <skipped/>
  </testcase> <!-- @AfterClass config_AC -->
  <testcase classname="com.ofos.GenericUtility.Baseclass" name="@BeforeClass config_browser_BC" time="19.908">
    <failure type="org.openqa.selenium.WebDriverException" message="unknown error: net::ERR_NAME_NOT_RESOLVED
  (Session info: MicrosoftEdge=115.0.1901.188)
Build info: version: &amp;apos;3.141.59&amp;apos;, revision: &amp;apos;e82be7d358&amp;apos;, time: &amp;apos;2018-11-14T08:17:03&amp;apos;
System info: host: &amp;apos;DESKTOP-SK31KA4&amp;apos;, ip: &amp;apos;192.168.180.77&amp;apos;, os.name: &amp;apos;Windows 10&amp;apos;, os.arch: &amp;apos;amd64&amp;apos;, os.version: &amp;apos;10.0&amp;apos;, java.version: &amp;apos;17.0.5&amp;apos;
Driver info: org.openqa.selenium.edge.EdgeDriver
Capabilities {acceptInsecureCerts: false, browserName: msedge, browserVersion: 115.0.1901.188, javascriptEnabled: true, ms:edgeOptions: {debuggerAddress: localhost:56991}, msedge: {msedgedriverVersion: 115.0.1901.188 (b51b39339c4..., userDataDir: C:\Users\91810\AppData\Loca...}, networkConnectionEnabled: false, pageLoadStrategy: normal, platform: WINDOWS, platformName: WINDOWS, proxy: Proxy(), setWindowRect: true, strictFileInteractability: false, timeouts: {implicit: 0, pageLoad: 300000, script: 30000}, unhandledPromptBehavior: dismiss and notify, webauthn:extension:credBlob: true, webauthn:extension:largeBlob: true, webauthn:extension:minPinLength: true, webauthn:extension:prf: true, webauthn:virtualAuthenticators: true}
Session ID: 74e394b76a867eb899765a9c12a6837a">
      <![CDATA[org.openqa.selenium.WebDriverException: unknown error: net::ERR_NAME_NOT_RESOLVED
  (Session info: MicrosoftEdge=115.0.1901.188)
Build info: version: '3.141.59', revision: 'e82be7d358', time: '2018-11-14T08:17:03'
System info: host: 'DESKTOP-SK31KA4', ip: '192.168.180.77', os.name: 'Windows 10', os.arch: 'amd64', os.version: '10.0', java.version: '17.0.5'
Driver info: org.openqa.selenium.edge.EdgeDriver
Capabilities {acceptInsecureCerts: false, browserName: msedge, browserVersion: 115.0.1901.188, javascriptEnabled: true, ms:edgeOptions: {debuggerAddress: localhost:56991}, msedge: {msedgedriverVersion: 115.0.1901.188 (b51b39339c4..., userDataDir: C:\Users\91810\AppData\Loca...}, networkConnectionEnabled: false, pageLoadStrategy: normal, platform: WINDOWS, platformName: WINDOWS, proxy: Proxy(), setWindowRect: true, strictFileInteractability: false, timeouts: {implicit: 0, pageLoad: 300000, script: 30000}, unhandledPromptBehavior: dismiss and notify, webauthn:extension:credBlob: true, webauthn:extension:largeBlob: true, webauthn:extension:minPinLength: true, webauthn:extension:prf: true, webauthn:virtualAuthenticators: true}
Session ID: 74e394b76a867eb899765a9c12a6837a
at org.openqa.selenium.remote.http.W3CHttpResponseCodec.createException(W3CHttpResponseCodec.java:187)
at org.openqa.selenium.remote.http.W3CHttpResponseCodec.decode(W3CHttpResponseCodec.java:122)
at org.openqa.selenium.remote.http.W3CHttpResponseCodec.decode(W3CHttpResponseCodec.java:49)
at org.openqa.selenium.remote.HttpCommandExecutor.execute(HttpCommandExecutor.java:158)
at org.openqa.selenium.remote.service.DriverCommandExecutor.execute(DriverCommandExecutor.java:83)
at org.openqa.selenium.remote.RemoteWebDriver.execute(RemoteWebDriver.java:552)
at org.openqa.selenium.remote.RemoteWebDriver.get(RemoteWebDriver.java:277)
at com.ofos.GenericUtility.Baseclass.config_browser_BC(Baseclass.java:56)
at java.base/java.util.ArrayList.forEach(ArrayList.java:1511)
at java.base/java.util.concurrent.FutureTask.run(FutureTask.java:264)
at java.base/java.util.concurrent.ThreadPoolExecutor.runWorker(ThreadPoolExecutor.java:1136)
at java.base/java.util.concurrent.ThreadPoolExecutor$Worker.run(ThreadPoolExecutor.java:635)
at java.base/java.lang.Thread.run(Thread.java:833)
... Removed 21 stack frames]]>
    </failure>
  </testcase> <!-- @BeforeClass config_browser_BC -->
  <testcase classname="com.ofos.GenericUtility.Baseclass" name="@BeforeMethod config_login_BM" time="-1.691469889555E9">
    <skipped/>
  </testcase> <!-- @BeforeMethod config_login_BM -->
  <testcase classname="com.ofos.GenericUtility.Baseclass" name="@AfterMethod config_logout_AM" time="-1.691469889562E9">
    <skipped/>
  </testcase> <!-- @AfterMethod config_logout_AM -->
  <testcase classname="com.ofos.GenericUtility.Baseclass" name="@BeforeMethod config_login_BM" time="-1.691469889564E9">
    <skipped/>
  </testcase> <!-- @BeforeMethod config_login_BM -->
  <testcase classname="com.ofos.GenericUtility.Baseclass" name="@AfterMethod config_logout_AM" time="-1.691469889568E9">
    <skipped/>
  </testcase> <!-- @AfterMethod config_logout_AM -->
  <testcase classname="com.ofos.GenericUtility.Baseclass" name="@AfterClass config_AC" time="-1.691469889571E9">
    <skipped/>
  </testcase> <!-- @AfterClass config_AC -->
  <testcase classname="com.ofos.GenericUtility.Baseclass" name="@BeforeClass config_browser_BC" time="35.026">
    <failure type="org.openqa.selenium.WebDriverException" message="unknown error: net::ERR_NAME_NOT_RESOLVED
  (Session info: chrome=115.0.5790.170)
Build info: version: &amp;apos;3.141.59&amp;apos;, revision: &amp;apos;e82be7d358&amp;apos;, time: &amp;apos;2018-11-14T08:17:03&amp;apos;
System info: host: &amp;apos;DESKTOP-SK31KA4&amp;apos;, ip: &amp;apos;192.168.180.77&amp;apos;, os.name: &amp;apos;Windows 10&amp;apos;, os.arch: &amp;apos;amd64&amp;apos;, os.version: &amp;apos;10.0&amp;apos;, java.version: &amp;apos;17.0.5&amp;apos;
Driver info: org.openqa.selenium.chrome.ChromeDriver
Capabilities {acceptInsecureCerts: false, browserName: chrome, browserVersion: 115.0.5790.170, chrome: {chromedriverVersion: 114.0.5735.90 (386bc09e8f4f..., userDataDir: C:\Users\91810\AppData\Loca...}, goog:chromeOptions: {debuggerAddress: localhost:57018}, javascriptEnabled: true, networkConnectionEnabled: false, pageLoadStrategy: normal, platform: WINDOWS, platformName: WINDOWS, proxy: Proxy(), setWindowRect: true, strictFileInteractability: false, timeouts: {implicit: 0, pageLoad: 300000, script: 30000}, unhandledPromptBehavior: dismiss and notify, webauthn:extension:credBlob: true, webauthn:extension:largeBlob: true, webauthn:extension:minPinLength: true, webauthn:extension:prf: true, webauthn:virtualAuthenticators: true}
Session ID: febf7e80d3125bada6cd31f17665d615">
      <![CDATA[org.openqa.selenium.WebDriverException: unknown error: net::ERR_NAME_NOT_RESOLVED
  (Session info: chrome=115.0.5790.170)
Build info: version: '3.141.59', revision: 'e82be7d358', time: '2018-11-14T08:17:03'
System info: host: 'DESKTOP-SK31KA4', ip: '192.168.180.77', os.name: 'Windows 10', os.arch: 'amd64', os.version: '10.0', java.version: '17.0.5'
Driver info: org.openqa.selenium.chrome.ChromeDriver
Capabilities {acceptInsecureCerts: false, browserName: chrome, browserVersion: 115.0.5790.170, chrome: {chromedriverVersion: 114.0.5735.90 (386bc09e8f4f..., userDataDir: C:\Users\91810\AppData\Loca...}, goog:chromeOptions: {debuggerAddress: localhost:57018}, javascriptEnabled: true, networkConnectionEnabled: false, pageLoadStrategy: normal, platform: WINDOWS, platformName: WINDOWS, proxy: Proxy(), setWindowRect: true, strictFileInteractability: false, timeouts: {implicit: 0, pageLoad: 300000, script: 30000}, unhandledPromptBehavior: dismiss and notify, webauthn:extension:credBlob: true, webauthn:extension:largeBlob: true, webauthn:extension:minPinLength: true, webauthn:extension:prf: true, webauthn:virtualAuthenticators: true}
Session ID: febf7e80d3125bada6cd31f17665d615
at org.openqa.selenium.remote.http.W3CHttpResponseCodec.createException(W3CHttpResponseCodec.java:187)
at org.openqa.selenium.remote.http.W3CHttpResponseCodec.decode(W3CHttpResponseCodec.java:122)
at org.openqa.selenium.remote.http.W3CHttpResponseCodec.decode(W3CHttpResponseCodec.java:49)
at org.openqa.selenium.remote.HttpCommandExecutor.execute(HttpCommandExecutor.java:158)
at org.openqa.selenium.remote.service.DriverCommandExecutor.execute(DriverCommandExecutor.java:83)
at org.openqa.selenium.remote.RemoteWebDriver.execute(RemoteWebDriver.java:552)
at org.openqa.selenium.remote.RemoteWebDriver.get(RemoteWebDriver.java:277)
at com.ofos.GenericUtility.Baseclass.config_browser_BC(Baseclass.java:56)
at java.base/java.util.ArrayList.forEach(ArrayList.java:1511)
at java.base/java.util.concurrent.FutureTask.run(FutureTask.java:264)
at java.base/java.util.concurrent.ThreadPoolExecutor.runWorker(ThreadPoolExecutor.java:1136)
at java.base/java.util.concurrent.ThreadPoolExecutor$Worker.run(ThreadPoolExecutor.java:635)
at java.base/java.lang.Thread.run(Thread.java:833)
... Removed 21 stack frames]]>
    </failure>
  </testcase> <!-- @BeforeClass config_browser_BC -->
  <testcase classname="com.ofos.GenericUtility.Baseclass" name="@BeforeMethod config_login_BM" time="-1.691469917531E9">
    <skipped/>
  </testcase> <!-- @BeforeMethod config_login_BM -->
  <testcase classname="com.ofos.GenericUtility.Baseclass" name="@AfterMethod config_logout_AM" time="-1.691469917543E9">
    <skipped/>
  </testcase> <!-- @AfterMethod config_logout_AM -->
  <testcase classname="com.ofos.GenericUtility.Baseclass" name="@BeforeMethod config_login_BM" time="-1.691469917545E9">
    <skipped/>
  </testcase> <!-- @BeforeMethod config_login_BM -->
  <testcase classname="com.ofos.GenericUtility.Baseclass" name="@AfterMethod config_logout_AM" time="-1.691469917549E9">
    <skipped/>
  </testcase> <!-- @AfterMethod config_logout_AM -->
  <testcase classname="com.ofos.GenericUtility.Baseclass" name="@AfterClass config_AC" time="-1.69146991755E9">
    <skipped/>
  </testcase> <!-- @AfterClass config_AC -->
  <testcase classname="testng_practice.Add_menu" name="delete_menu" time="0.0">
    <skipped/>
  </testcase> <!-- delete_menu -->
  <testcase classname="testng_practice.Add_menu" name="menu" time="0.0">
    <skipped/>
  </testcase> <!-- menu -->
  <testcase classname="testng_practice.Create_restaurant_test" name="add" time="0.0">
    <skipped/>
  </testcase> <!-- add -->
  <testcase classname="testng_practice.Create_restaurant_test" name="modify" time="0.0">
    <skipped/>
  </testcase> <!-- modify -->
  <testcase classname="testng_practice.Create_user_test" name="add_user" time="0.0">
    <skipped/>
  </testcase> <!-- add_user -->
  <testcase classname="testng_practice.Create_user_test" name="modify_user" time="0.0">
    <skipped/>
  </testcase> <!-- modify_user -->
  <testcase classname="testng_practice.Place_order" name="delete_order" time="0.0">
    <skipped/>
  </testcase> <!-- delete_order -->
  <testcase classname="testng_practice.Place_order" name="order" time="0.0">
    <skipped/>
  </testcase> <!-- order -->
  <testcase classname="com.ofos.GenericUtility.Baseclass" name="@BeforeSuite config_BS" time="0.0">
    <ignored/>
  </testcase> <!-- @BeforeSuite config_BS -->
  <testcase classname="com.ofos.GenericUtility.Baseclass" name="@BeforeSuite config_BS" time="0.0">
    <ignored/>
  </testcase> <!-- @BeforeSuite config_BS -->
  <testcase classname="com.ofos.GenericUtility.Baseclass" name="@BeforeSuite config_BS" time="0.0">
    <ignored/>
  </testcase> <!-- @BeforeSuite config_BS -->
  <testcase classname="com.ofos.GenericUtility.Baseclass" name="@AfterSuite config_AS" time="0.0">
    <ignored/>
  </testcase> <!-- @AfterSuite config_AS -->
  <testcase classname="com.ofos.GenericUtility.Baseclass" name="@AfterSuite config_AS" time="0.0">
    <ignored/>
  </testcase> <!-- @AfterSuite config_AS -->
  <testcase classname="com.ofos.GenericUtility.Baseclass" name="@AfterSuite config_AS" time="0.0">
    <ignored/>
  </testcase> <!-- @AfterSuite config_AS -->
</testsuite> <!-- TestRunner-1 -->
